<?xml version="1.0" encoding="UTF-8"?>
<!-- Generated by org.testng.reporters.JUnitReportReporter -->
<testsuite hostname="IN-PG02A5M1" failures="0" tests="1" name="flipkart.TestCases.FlipkartStoriesTest" time="30.673" errors="0" timestamp="2023-01-08T16:27:16 IST" skipped="0">
  <testcase classname="flipkart.TestCases.FlipkartStoriesTest" name="FlipkartStories" time="30.673"/>
  <system-out/>
</testsuite> <!-- flipkart.TestCases.FlipkartStoriesTest -->
