<?xml version="1.0" encoding="UTF-8"?>
<!-- Generated by org.testng.reporters.JUnitReportReporter -->
<testsuite hostname="IN-PG02A5M1" failures="0" tests="1" name="flipkart.TestCases.CareerTest" time="54.276" errors="0" timestamp="2023-01-04T23:56:14 IST" skipped="0">
  <testcase classname="flipkart.TestCases.CareerTest" name="FlipkartCareer" time="54.276"/>
  <system-out/>
</testsuite> <!-- flipkart.TestCases.CareerTest -->
