<?xml version="1.0" encoding="UTF-8"?>
<!-- Generated by org.testng.reporters.JUnitReportReporter -->
<testsuite hostname="IN-PG02A5M1" failures="0" tests="1" name="flipkart.TestCases.BecomeASellerTest" time="45.755" errors="0" timestamp="2023-01-09T17:01:12 IST" skipped="0">
  <testcase classname="flipkart.TestCases.BecomeASellerTest" name="BecomeASeller" time="45.755"/>
  <system-out/>
</testsuite> <!-- flipkart.TestCases.BecomeASellerTest -->
