<?xml version="1.0" encoding="UTF-8"?>
<!-- Generated by org.testng.reporters.JUnitReportReporter -->
<testsuite hostname="IN-PG02A5M1" failures="0" tests="1" name="flipkart.TestCases.CustomerCareTest" time="31.669" errors="0" timestamp="2023-01-09T17:03:22 IST" skipped="0">
  <testcase classname="flipkart.TestCases.CustomerCareTest" name="FlipkartCustomerCare" time="31.669"/>
  <system-out/>
</testsuite> <!-- flipkart.TestCases.CustomerCareTest -->
