<?xml version="1.0" encoding="UTF-8"?>
<!-- Generated by org.testng.reporters.JUnitReportReporter -->
<testsuite hostname="IN-PG02A5M1" failures="0" tests="1" name="flipkart.TestCases.SearchAProductTest" time="30.516" errors="0" timestamp="2023-01-09T12:50:55 IST" skipped="0">
  <testcase classname="flipkart.TestCases.SearchAProductTest" name="SearchAProduct" time="30.516"/>
  <system-out/>
</testsuite> <!-- flipkart.TestCases.SearchAProductTest -->
