<?xml version="1.0" encoding="UTF-8"?>
<!-- Generated by org.testng.reporters.JUnitReportReporter -->
<testsuite hostname="IN-PG02A5M1" failures="0" tests="3" name="flipkart.TestCases.FlipkartSocialLinksTest" time="79.915" errors="0" timestamp="2023-01-09T12:50:55 IST" skipped="0">
  <testcase classname="flipkart.TestCases.FlipkartSocialLinksTest" name="FlipkartFacebookPage" time="27.897"/>
  <system-out/>
  <testcase classname="flipkart.TestCases.FlipkartSocialLinksTest" name="FlipkartTwitterHandle" time="26.368"/>
  <system-out/>
  <testcase classname="flipkart.TestCases.FlipkartSocialLinksTest" name="FlipkartYouTubeChannel" time="25.650"/>
  <system-out/>
</testsuite> <!-- flipkart.TestCases.FlipkartSocialLinksTest -->
